<?xml version="1.0" encoding="utf-8"?><testsuites name="pytest tests"><testsuite name="pytest" errors="0" failures="0" skipped="0" tests="14" time="2.029" timestamp="2026-01-15T07:48:47.214761+00:00" hostname="agent-env-336216f2-7e99-45f4-8b83-29e48fa4cc3e"><testcase classname="tests.test_jumlah_personil_progress.TestHealthAndAuth" name="test_health_check" time="0.094" /><testcase classname="tests.test_jumlah_personil_progress.TestHealthAndAuth" name="test_login_success" time="0.300" /><testcase classname="tests.test_jumlah_personil_progress.TestOPDJumlahPersonil" name="test_opd_list_has_jumlah_personil" time="0.037" /><testcase classname="tests.test_jumlah_personil_progress.TestOPDJumlahPersonil" name="test_create_opd_with_jumlah_personil" time="0.385" /><testcase classname="tests.test_jumlah_personil_progress.TestOPDJumlahPersonil" name="test_update_opd_jumlah_personil" time="0.411" /><testcase classname="tests.test_jumlah_personil_progress.TestOPDJumlahPersonil" name="test_create_opd_default_jumlah_personil" time="0.330" /><testcase classname="tests.test_jumlah_personil_progress.TestProgressEndpoint" name="test_progress_endpoint_returns_data" time="0.040" /><testcase classname="tests.test_jumlah_personil_progress.TestProgressEndpoint" name="test_progress_list_structure" time="0.035" /><testcase classname="tests.test_jumlah_personil_progress.TestProgressEndpoint" name="test_progress_calculation_formula" time="0.080" /><testcase classname="tests.test_jumlah_personil_progress.TestProgressEndpoint" name="test_progress_percentage_calculation" time="0.037" /><testcase classname="tests.test_jumlah_personil_progress.TestProgressEndpoint" name="test_progress_summary_structure" time="0.035" /><testcase classname="tests.test_jumlah_personil_progress.TestProgressEndpoint" name="test_progress_summary_calculations" time="0.035" /><testcase classname="tests.test_jumlah_personil_progress.TestProgressEndpoint" name="test_progress_sorted_by_percentage" time="0.036" /><testcase classname="tests.test_jumlah_personil_progress.TestExistingOPDData" name="test_existing_opd_have_personil_data" time="0.036" /></testsuite></testsuites>