<?xml version="1.0" encoding="utf-8"?><testsuites name="pytest tests"><testsuite name="pytest" errors="0" failures="0" skipped="0" tests="18" time="2.233" timestamp="2026-01-28T11:55:58.125934+00:00" hostname="agent-env-ce5dc382-7510-4d7a-986c-2cdebbdaa0a0"><testcase classname="tests.test_agenda_berita.TestHealthCheck" name="test_health_endpoint" time="0.081" /><testcase classname="tests.test_agenda_berita.TestAdminLogin" name="test_admin_login_success" time="0.263" /><testcase classname="tests.test_agenda_berita.TestAdminLogin" name="test_admin_login_invalid_credentials" time="0.059" /><testcase classname="tests.test_agenda_berita.TestAgendaCRUD" name="test_get_all_agenda" time="0.044" /><testcase classname="tests.test_agenda_berita.TestAgendaCRUD" name="test_get_upcoming_agenda" time="0.042" /><testcase classname="tests.test_agenda_berita.TestAgendaCRUD" name="test_create_agenda" time="0.306" /><testcase classname="tests.test_agenda_berita.TestAgendaCRUD" name="test_update_agenda" time="0.117" /><testcase classname="tests.test_agenda_berita.TestAgendaCRUD" name="test_delete_agenda" time="0.113" /><testcase classname="tests.test_agenda_berita.TestBeritaCRUD" name="test_get_all_berita" time="0.041" /><testcase classname="tests.test_agenda_berita.TestBeritaCRUD" name="test_get_active_berita" time="0.040" /><testcase classname="tests.test_agenda_berita.TestBeritaCRUD" name="test_create_berita" time="0.078" /><testcase classname="tests.test_agenda_berita.TestBeritaCRUD" name="test_update_berita" time="0.116" /><testcase classname="tests.test_agenda_berita.TestBeritaCRUD" name="test_delete_berita" time="0.120" /><testcase classname="tests.test_agenda_berita.TestBeritaCRUD" name="test_toggle_berita_active" time="0.148" /><testcase classname="tests.test_agenda_berita.TestPopupSettings" name="test_get_settings_with_popup_interval" time="0.078" /><testcase classname="tests.test_agenda_berita.TestPopupSettings" name="test_update_popup_interval" time="0.187" /><testcase classname="tests.test_agenda_berita.TestCleanup" name="test_cleanup_test_agenda" time="0.117" /><testcase classname="tests.test_agenda_berita.TestCleanup" name="test_cleanup_test_berita" time="0.148" /></testsuite></testsuites>