<?xml version="1.0" encoding="utf-8"?><testsuites name="pytest tests"><testsuite name="pytest" errors="0" failures="0" skipped="0" tests="32" time="8.084" timestamp="2026-01-28T16:38:00.956768+00:00" hostname="agent-env-ce5dc382-7510-4d7a-986c-2cdebbdaa0a0"><testcase classname="backend.tests.test_comprehensive.TestHealthAndAuth" name="test_health_check" time="0.075" /><testcase classname="backend.tests.test_comprehensive.TestHealthAndAuth" name="test_admin_login_success" time="0.269" /><testcase classname="backend.tests.test_comprehensive.TestHealthAndAuth" name="test_admin_login_invalid_credentials" time="0.044" /><testcase classname="backend.tests.test_comprehensive.TestHealthAndAuth" name="test_auth_me_with_token" time="0.310" /><testcase classname="backend.tests.test_comprehensive.TestOPDEndpoints" name="test_get_all_opd" time="0.040" /><testcase classname="backend.tests.test_comprehensive.TestOPDEndpoints" name="test_create_opd" time="0.306" /><testcase classname="backend.tests.test_comprehensive.TestOPDEndpoints" name="test_create_opd_desa_kategori" time="0.312" /><testcase classname="backend.tests.test_comprehensive.TestOPDEndpoints" name="test_update_opd" time="0.412" /><testcase classname="backend.tests.test_comprehensive.TestOPDEndpoints" name="test_delete_opd" time="0.418" /><testcase classname="backend.tests.test_comprehensive.TestPartisipasiEndpoints" name="test_get_all_partisipasi" time="0.101" /><testcase classname="backend.tests.test_comprehensive.TestPartisipasiEndpoints" name="test_create_partisipasi" time="0.435" /><testcase classname="backend.tests.test_comprehensive.TestPartisipasiEndpoints" name="test_partisipasi_invalid_opd" time="0.036" /><testcase classname="backend.tests.test_comprehensive.TestSettingsEndpoints" name="test_get_settings" time="0.045" /><testcase classname="backend.tests.test_comprehensive.TestSettingsEndpoints" name="test_update_settings" time="0.404" /><testcase classname="backend.tests.test_comprehensive.TestSettingsEndpoints" name="test_settings_tentang_fields" time="0.310" /><testcase classname="backend.tests.test_comprehensive.TestStatsAndProgress" name="test_get_stats" time="0.041" /><testcase classname="backend.tests.test_comprehensive.TestStatsAndProgress" name="test_get_progress" time="0.042" /><testcase classname="backend.tests.test_comprehensive.TestAgendaEndpoints" name="test_get_all_agenda" time="0.078" /><testcase classname="backend.tests.test_comprehensive.TestAgendaEndpoints" name="test_get_upcoming_agenda" time="0.037" /><testcase classname="backend.tests.test_comprehensive.TestAgendaEndpoints" name="test_create_agenda" time="0.341" /><testcase classname="backend.tests.test_comprehensive.TestAgendaEndpoints" name="test_update_agenda_status" time="0.370" /><testcase classname="backend.tests.test_comprehensive.TestBeritaEndpoints" name="test_get_all_berita" time="0.042" /><testcase classname="backend.tests.test_comprehensive.TestBeritaEndpoints" name="test_get_active_berita" time="0.040" /><testcase classname="backend.tests.test_comprehensive.TestBeritaEndpoints" name="test_create_berita" time="0.333" /><testcase classname="backend.tests.test_comprehensive.TestBeritaEndpoints" name="test_toggle_berita_active" time="0.408" /><testcase classname="backend.tests.test_comprehensive.TestGalleryEndpoints" name="test_get_all_gallery" time="0.078" /><testcase classname="backend.tests.test_comprehensive.TestGalleryEndpoints" name="test_create_gallery" time="0.345" /><testcase classname="backend.tests.test_comprehensive.TestEdukasiEndpoints" name="test_get_all_edukasi" time="0.401" /><testcase classname="backend.tests.test_comprehensive.TestEdukasiEndpoints" name="test_create_edukasi" time="0.381" /><testcase classname="backend.tests.test_comprehensive.TestEdukasiEndpoints" name="test_update_edukasi" time="0.380" /><testcase classname="backend.tests.test_comprehensive.TestExportEndpoints" name="test_export_excel" time="0.315" /><testcase classname="backend.tests.test_comprehensive.TestExportEndpoints" name="test_export_pdf" time="0.787" /></testsuite></testsuites>