<?xml version="1.0" encoding="utf-8"?><testsuites name="pytest tests"><testsuite name="pytest" errors="0" failures="1" skipped="0" tests="10" time="1.737" timestamp="2026-01-15T07:00:47.586181+00:00" hostname="agent-env-336216f2-7e99-45f4-8b83-29e48fa4cc3e"><testcase classname="tests.test_new_features.TestHealthAndAuth" name="test_health_check" time="0.069" /><testcase classname="tests.test_new_features.TestHealthAndAuth" name="test_login_success" time="0.301" /><testcase classname="tests.test_new_features.TestOPDFilter" name="test_get_all_opd" time="0.040" /><testcase classname="tests.test_new_features.TestOPDFilter" name="test_get_all_partisipasi" time="0.043" /><testcase classname="tests.test_new_features.TestOPDFilter" name="test_filter_partisipasi_by_opd" time="0.092" /><testcase classname="tests.test_new_features.TestTentangSettings" name="test_get_settings_with_tentang_fields" time="0.035"><failure message="TypeError: 'NoneType' object is not subscriptable">tests/test_new_features.py:130: in test_get_settings_with_tentang_fields
    print(f"  - tentang_title: {data.get('tentang_title', 'N/A')[:50]}...")
                                ^^^^^^^^^^^^^^^^^^^^^^^^^^^^^^^^^^^^^
E   TypeError: 'NoneType' object is not subscriptable</failure></testcase><testcase classname="tests.test_new_features.TestTentangSettings" name="test_update_tentang_settings" time="0.313" /><testcase classname="tests.test_new_features.TestTentangSettings" name="test_verify_tentang_settings_persisted" time="0.350" /><testcase classname="tests.test_new_features.TestTentangSettings" name="test_public_tentang_page_uses_settings" time="0.051" /><testcase classname="tests.test_new_features.TestCleanup" name="test_restore_default_tentang_settings" time="0.307" /></testsuite></testsuites>