<?xml version="1.0" encoding="utf-8"?><testsuites name="pytest tests"><testsuite name="pytest" errors="0" failures="0" skipped="0" tests="10" time="1.643" timestamp="2026-01-15T07:01:03.012247+00:00" hostname="agent-env-336216f2-7e99-45f4-8b83-29e48fa4cc3e"><testcase classname="tests.test_new_features.TestHealthAndAuth" name="test_health_check" time="0.096" /><testcase classname="tests.test_new_features.TestHealthAndAuth" name="test_login_success" time="0.261" /><testcase classname="tests.test_new_features.TestOPDFilter" name="test_get_all_opd" time="0.038" /><testcase classname="tests.test_new_features.TestOPDFilter" name="test_get_all_partisipasi" time="0.042" /><testcase classname="tests.test_new_features.TestOPDFilter" name="test_filter_partisipasi_by_opd" time="0.077" /><testcase classname="tests.test_new_features.TestTentangSettings" name="test_get_settings_with_tentang_fields" time="0.043" /><testcase classname="tests.test_new_features.TestTentangSettings" name="test_update_tentang_settings" time="0.307" /><testcase classname="tests.test_new_features.TestTentangSettings" name="test_verify_tentang_settings_persisted" time="0.354" /><testcase classname="tests.test_new_features.TestTentangSettings" name="test_public_tentang_page_uses_settings" time="0.044" /><testcase classname="tests.test_new_features.TestCleanup" name="test_restore_default_tentang_settings" time="0.317" /></testsuite></testsuites>